<?xml version="1.0" encoding="UTF-8"?>
<beans xmlns="http://www.springframework.org/schema/beans" xmlns:xsi="http://www.w3.org/2001/XMLSchema-instance"
       xsi:schemaLocation="http://www.springframework.org/schema/beans http://www.springframework.org/schema/beans/spring-beans-2.0.xsd"
       default-lazy-init="true">
	<description>SQL处理方式配置</description>
    <bean id="sqlMapClient" class="org.springframework.orm.ibatis.SqlMapClientFactoryBean">
        <property name="configLocation">
            <value>c:/wk/njhw/njhw/src/test/sql-map-config.xml</value>
        </property>
        <property name="dataSource" ref="dataSource"/>
    </bean>
	<!-- 扩展后的SQL执行器  -->
   <bean id="sqlExecutor" class="com.cosmosource.base.dao.LimitSqlExecutoriBatis">
        <property name="dialect">
            <bean class="com.cosmosource.base.dao.OracleDialectiBatis" />
        </property>
    </bean>
    <bean id="baseDaoiBatis" abstract="true" class="com.cosmosource.base.dao.BaseDaoiBatis"  init-method="initialize">
        <property name="dataSource">
            <ref bean="dataSource" />
        </property>
        <property name="sqlMapClient">
            <ref bean="sqlMapClient" />
        </property>
        <property name="sqlExecutor">
            <ref bean="sqlExecutor" />
        </property> 
    </bean> 
    <bean id="iBatisDao" class="com.cosmosource.base.dao.ComDaoiBatis"  parent="baseDaoiBatis">
    </bean> 
</beans>
